CRITICAL - 2023-09-28 03:43:14 --> Class "App\Controllers\MusicModel" not found
in APPPATH\Controllers\MusicController.php on line 11.
 1 SYSTEMPATH\CodeIgniter.php(919): App\Controllers\MusicController->index()
 2 SYSTEMPATH\CodeIgniter.php(494): CodeIgniter\CodeIgniter->runController(Object(App\Controllers\MusicController))
 3 SYSTEMPATH\CodeIgniter.php(353): CodeIgniter\CodeIgniter->handleRequest(null, Object(Config\Cache), false)
 4 FCPATH\index.php(79): CodeIgniter\CodeIgniter->run()
 5 SYSTEMPATH\Commands\Server\rewrite.php(47): require_once('C:\\laragon\\www\\myplaylist\\public\\index.php')
CRITICAL - 2023-09-28 03:45:59 --> Class "App\Controllers\MusicModel" not found
in APPPATH\Controllers\MusicController.php on line 11.
 1 SYSTEMPATH\CodeIgniter.php(919): App\Controllers\MusicController->index()
 2 SYSTEMPATH\CodeIgniter.php(494): CodeIgniter\CodeIgniter->runController(Object(App\Controllers\MusicController))
 3 SYSTEMPATH\CodeIgniter.php(353): CodeIgniter\CodeIgniter->handleRequest(null, Object(Config\Cache), false)
 4 FCPATH\index.php(79): CodeIgniter\CodeIgniter->run()
 5 SYSTEMPATH\Commands\Server\rewrite.php(47): require_once('C:\\laragon\\www\\myplaylist\\public\\index.php')
CRITICAL - 2023-09-28 03:46:01 --> Class "App\Controllers\MusicModel" not found
in APPPATH\Controllers\MusicController.php on line 11.
 1 SYSTEMPATH\CodeIgniter.php(919): App\Controllers\MusicController->index()
 2 SYSTEMPATH\CodeIgniter.php(494): CodeIgniter\CodeIgniter->runController(Object(App\Controllers\MusicController))
 3 SYSTEMPATH\CodeIgniter.php(353): CodeIgniter\CodeIgniter->handleRequest(null, Object(Config\Cache), false)
 4 FCPATH\index.php(79): CodeIgniter\CodeIgniter->run()
 5 SYSTEMPATH\Commands\Server\rewrite.php(47): require_once('C:\\laragon\\www\\myplaylist\\public\\index.php')
CRITICAL - 2023-09-28 03:46:01 --> Class "App\Controllers\MusicModel" not found
in APPPATH\Controllers\MusicController.php on line 11.
 1 SYSTEMPATH\CodeIgniter.php(919): App\Controllers\MusicController->index()
 2 SYSTEMPATH\CodeIgniter.php(494): CodeIgniter\CodeIgniter->runController(Object(App\Controllers\MusicController))
 3 SYSTEMPATH\CodeIgniter.php(353): CodeIgniter\CodeIgniter->handleRequest(null, Object(Config\Cache), false)
 4 FCPATH\index.php(79): CodeIgniter\CodeIgniter->run()
 5 SYSTEMPATH\Commands\Server\rewrite.php(47): require_once('C:\\laragon\\www\\myplaylist\\public\\index.php')
CRITICAL - 2023-09-28 03:46:01 --> Class "App\Controllers\MusicModel" not found
in APPPATH\Controllers\MusicController.php on line 11.
 1 SYSTEMPATH\CodeIgniter.php(919): App\Controllers\MusicController->index()
 2 SYSTEMPATH\CodeIgniter.php(494): CodeIgniter\CodeIgniter->runController(Object(App\Controllers\MusicController))
 3 SYSTEMPATH\CodeIgniter.php(353): CodeIgniter\CodeIgniter->handleRequest(null, Object(Config\Cache), false)
 4 FCPATH\index.php(79): CodeIgniter\CodeIgniter->run()
 5 SYSTEMPATH\Commands\Server\rewrite.php(47): require_once('C:\\laragon\\www\\myplaylist\\public\\index.php')
CRITICAL - 2023-09-28 03:52:33 --> Class "App\Controllers\MusicModel" not found
in APPPATH\Controllers\MusicController.php on line 11.
 1 SYSTEMPATH\CodeIgniter.php(919): App\Controllers\MusicController->index()
 2 SYSTEMPATH\CodeIgniter.php(494): CodeIgniter\CodeIgniter->runController(Object(App\Controllers\MusicController))
 3 SYSTEMPATH\CodeIgniter.php(353): CodeIgniter\CodeIgniter->handleRequest(null, Object(Config\Cache), false)
 4 FCPATH\index.php(79): CodeIgniter\CodeIgniter->run()
 5 SYSTEMPATH\Commands\Server\rewrite.php(47): require_once('C:\\laragon\\www\\myplaylist\\public\\index.php')
CRITICAL - 2023-09-28 03:52:34 --> Class "App\Controllers\MusicModel" not found
in APPPATH\Controllers\MusicController.php on line 11.
 1 SYSTEMPATH\CodeIgniter.php(919): App\Controllers\MusicController->index()
 2 SYSTEMPATH\CodeIgniter.php(494): CodeIgniter\CodeIgniter->runController(Object(App\Controllers\MusicController))
 3 SYSTEMPATH\CodeIgniter.php(353): CodeIgniter\CodeIgniter->handleRequest(null, Object(Config\Cache), false)
 4 FCPATH\index.php(79): CodeIgniter\CodeIgniter->run()
 5 SYSTEMPATH\Commands\Server\rewrite.php(47): require_once('C:\\laragon\\www\\myplaylist\\public\\index.php')
CRITICAL - 2023-09-28 03:52:34 --> Class "App\Controllers\MusicModel" not found
in APPPATH\Controllers\MusicController.php on line 11.
 1 SYSTEMPATH\CodeIgniter.php(919): App\Controllers\MusicController->index()
 2 SYSTEMPATH\CodeIgniter.php(494): CodeIgniter\CodeIgniter->runController(Object(App\Controllers\MusicController))
 3 SYSTEMPATH\CodeIgniter.php(353): CodeIgniter\CodeIgniter->handleRequest(null, Object(Config\Cache), false)
 4 FCPATH\index.php(79): CodeIgniter\CodeIgniter->run()
 5 SYSTEMPATH\Commands\Server\rewrite.php(47): require_once('C:\\laragon\\www\\myplaylist\\public\\index.php')
CRITICAL - 2023-09-28 03:52:35 --> Class "App\Controllers\MusicModel" not found
in APPPATH\Controllers\MusicController.php on line 11.
 1 SYSTEMPATH\CodeIgniter.php(919): App\Controllers\MusicController->index()
 2 SYSTEMPATH\CodeIgniter.php(494): CodeIgniter\CodeIgniter->runController(Object(App\Controllers\MusicController))
 3 SYSTEMPATH\CodeIgniter.php(353): CodeIgniter\CodeIgniter->handleRequest(null, Object(Config\Cache), false)
 4 FCPATH\index.php(79): CodeIgniter\CodeIgniter->run()
 5 SYSTEMPATH\Commands\Server\rewrite.php(47): require_once('C:\\laragon\\www\\myplaylist\\public\\index.php')
CRITICAL - 2023-09-28 03:52:36 --> Class "App\Controllers\MusicModel" not found
in APPPATH\Controllers\MusicController.php on line 11.
 1 SYSTEMPATH\CodeIgniter.php(919): App\Controllers\MusicController->index()
 2 SYSTEMPATH\CodeIgniter.php(494): CodeIgniter\CodeIgniter->runController(Object(App\Controllers\MusicController))
 3 SYSTEMPATH\CodeIgniter.php(353): CodeIgniter\CodeIgniter->handleRequest(null, Object(Config\Cache), false)
 4 FCPATH\index.php(79): CodeIgniter\CodeIgniter->run()
 5 SYSTEMPATH\Commands\Server\rewrite.php(47): require_once('C:\\laragon\\www\\myplaylist\\public\\index.php')
CRITICAL - 2023-09-28 03:52:37 --> Class "App\Controllers\MusicModel" not found
in APPPATH\Controllers\MusicController.php on line 11.
 1 SYSTEMPATH\CodeIgniter.php(919): App\Controllers\MusicController->index()
 2 SYSTEMPATH\CodeIgniter.php(494): CodeIgniter\CodeIgniter->runController(Object(App\Controllers\MusicController))
 3 SYSTEMPATH\CodeIgniter.php(353): CodeIgniter\CodeIgniter->handleRequest(null, Object(Config\Cache), false)
 4 FCPATH\index.php(79): CodeIgniter\CodeIgniter->run()
 5 SYSTEMPATH\Commands\Server\rewrite.php(47): require_once('C:\\laragon\\www\\myplaylist\\public\\index.php')
CRITICAL - 2023-09-28 03:52:37 --> Class "App\Controllers\MusicModel" not found
in APPPATH\Controllers\MusicController.php on line 11.
 1 SYSTEMPATH\CodeIgniter.php(919): App\Controllers\MusicController->index()
 2 SYSTEMPATH\CodeIgniter.php(494): CodeIgniter\CodeIgniter->runController(Object(App\Controllers\MusicController))
 3 SYSTEMPATH\CodeIgniter.php(353): CodeIgniter\CodeIgniter->handleRequest(null, Object(Config\Cache), false)
 4 FCPATH\index.php(79): CodeIgniter\CodeIgniter->run()
 5 SYSTEMPATH\Commands\Server\rewrite.php(47): require_once('C:\\laragon\\www\\myplaylist\\public\\index.php')
CRITICAL - 2023-09-28 03:52:37 --> Class "App\Controllers\MusicModel" not found
in APPPATH\Controllers\MusicController.php on line 11.
 1 SYSTEMPATH\CodeIgniter.php(919): App\Controllers\MusicController->index()
 2 SYSTEMPATH\CodeIgniter.php(494): CodeIgniter\CodeIgniter->runController(Object(App\Controllers\MusicController))
 3 SYSTEMPATH\CodeIgniter.php(353): CodeIgniter\CodeIgniter->handleRequest(null, Object(Config\Cache), false)
 4 FCPATH\index.php(79): CodeIgniter\CodeIgniter->run()
 5 SYSTEMPATH\Commands\Server\rewrite.php(47): require_once('C:\\laragon\\www\\myplaylist\\public\\index.php')
CRITICAL - 2023-09-28 03:52:41 --> Class "App\Controllers\MusicModel" not found
in APPPATH\Controllers\MusicController.php on line 11.
 1 SYSTEMPATH\CodeIgniter.php(919): App\Controllers\MusicController->index()
 2 SYSTEMPATH\CodeIgniter.php(494): CodeIgniter\CodeIgniter->runController(Object(App\Controllers\MusicController))
 3 SYSTEMPATH\CodeIgniter.php(353): CodeIgniter\CodeIgniter->handleRequest(null, Object(Config\Cache), false)
 4 FCPATH\index.php(79): CodeIgniter\CodeIgniter->run()
 5 SYSTEMPATH\Commands\Server\rewrite.php(47): require_once('C:\\laragon\\www\\myplaylist\\public\\index.php')
CRITICAL - 2023-09-28 03:52:41 --> Class "App\Controllers\MusicModel" not found
in APPPATH\Controllers\MusicController.php on line 11.
 1 SYSTEMPATH\CodeIgniter.php(919): App\Controllers\MusicController->index()
 2 SYSTEMPATH\CodeIgniter.php(494): CodeIgniter\CodeIgniter->runController(Object(App\Controllers\MusicController))
 3 SYSTEMPATH\CodeIgniter.php(353): CodeIgniter\CodeIgniter->handleRequest(null, Object(Config\Cache), false)
 4 FCPATH\index.php(79): CodeIgniter\CodeIgniter->run()
 5 SYSTEMPATH\Commands\Server\rewrite.php(47): require_once('C:\\laragon\\www\\myplaylist\\public\\index.php')
CRITICAL - 2023-09-28 03:56:15 --> Class "App\Controllers\MusicModel" not found
in APPPATH\Controllers\MusicController.php on line 11.
 1 SYSTEMPATH\CodeIgniter.php(919): App\Controllers\MusicController->index()
 2 SYSTEMPATH\CodeIgniter.php(494): CodeIgniter\CodeIgniter->runController(Object(App\Controllers\MusicController))
 3 SYSTEMPATH\CodeIgniter.php(353): CodeIgniter\CodeIgniter->handleRequest(null, Object(Config\Cache), false)
 4 FCPATH\index.php(79): CodeIgniter\CodeIgniter->run()
 5 SYSTEMPATH\Commands\Server\rewrite.php(47): require_once('C:\\laragon\\www\\myplaylist\\public\\index.php')
CRITICAL - 2023-09-28 03:56:16 --> Class "App\Controllers\MusicModel" not found
in APPPATH\Controllers\MusicController.php on line 11.
 1 SYSTEMPATH\CodeIgniter.php(919): App\Controllers\MusicController->index()
 2 SYSTEMPATH\CodeIgniter.php(494): CodeIgniter\CodeIgniter->runController(Object(App\Controllers\MusicController))
 3 SYSTEMPATH\CodeIgniter.php(353): CodeIgniter\CodeIgniter->handleRequest(null, Object(Config\Cache), false)
 4 FCPATH\index.php(79): CodeIgniter\CodeIgniter->run()
 5 SYSTEMPATH\Commands\Server\rewrite.php(47): require_once('C:\\laragon\\www\\myplaylist\\public\\index.php')
CRITICAL - 2023-09-28 03:56:17 --> Class "App\Controllers\MusicModel" not found
in APPPATH\Controllers\MusicController.php on line 11.
 1 SYSTEMPATH\CodeIgniter.php(919): App\Controllers\MusicController->index()
 2 SYSTEMPATH\CodeIgniter.php(494): CodeIgniter\CodeIgniter->runController(Object(App\Controllers\MusicController))
 3 SYSTEMPATH\CodeIgniter.php(353): CodeIgniter\CodeIgniter->handleRequest(null, Object(Config\Cache), false)
 4 FCPATH\index.php(79): CodeIgniter\CodeIgniter->run()
 5 SYSTEMPATH\Commands\Server\rewrite.php(47): require_once('C:\\laragon\\www\\myplaylist\\public\\index.php')
CRITICAL - 2023-09-28 03:56:17 --> Class "App\Controllers\MusicModel" not found
in APPPATH\Controllers\MusicController.php on line 11.
 1 SYSTEMPATH\CodeIgniter.php(919): App\Controllers\MusicController->index()
 2 SYSTEMPATH\CodeIgniter.php(494): CodeIgniter\CodeIgniter->runController(Object(App\Controllers\MusicController))
 3 SYSTEMPATH\CodeIgniter.php(353): CodeIgniter\CodeIgniter->handleRequest(null, Object(Config\Cache), false)
 4 FCPATH\index.php(79): CodeIgniter\CodeIgniter->run()
 5 SYSTEMPATH\Commands\Server\rewrite.php(47): require_once('C:\\laragon\\www\\myplaylist\\public\\index.php')
CRITICAL - 2023-09-28 03:56:53 --> Class "App\Controllers\MusicModel" not found
in APPPATH\Controllers\MusicController.php on line 11.
 1 SYSTEMPATH\CodeIgniter.php(919): App\Controllers\MusicController->index()
 2 SYSTEMPATH\CodeIgniter.php(494): CodeIgniter\CodeIgniter->runController(Object(App\Controllers\MusicController))
 3 SYSTEMPATH\CodeIgniter.php(353): CodeIgniter\CodeIgniter->handleRequest(null, Object(Config\Cache), false)
 4 FCPATH\index.php(79): CodeIgniter\CodeIgniter->run()
 5 SYSTEMPATH\Commands\Server\rewrite.php(47): require_once('C:\\laragon\\www\\myplaylist\\public\\index.php')
CRITICAL - 2023-09-28 03:56:54 --> Class "App\Controllers\MusicModel" not found
in APPPATH\Controllers\MusicController.php on line 11.
 1 SYSTEMPATH\CodeIgniter.php(919): App\Controllers\MusicController->index()
 2 SYSTEMPATH\CodeIgniter.php(494): CodeIgniter\CodeIgniter->runController(Object(App\Controllers\MusicController))
 3 SYSTEMPATH\CodeIgniter.php(353): CodeIgniter\CodeIgniter->handleRequest(null, Object(Config\Cache), false)
 4 FCPATH\index.php(79): CodeIgniter\CodeIgniter->run()
 5 SYSTEMPATH\Commands\Server\rewrite.php(47): require_once('C:\\laragon\\www\\myplaylist\\public\\index.php')
CRITICAL - 2023-09-28 03:56:55 --> Class "App\Controllers\MusicModel" not found
in APPPATH\Controllers\MusicController.php on line 11.
 1 SYSTEMPATH\CodeIgniter.php(919): App\Controllers\MusicController->index()
 2 SYSTEMPATH\CodeIgniter.php(494): CodeIgniter\CodeIgniter->runController(Object(App\Controllers\MusicController))
 3 SYSTEMPATH\CodeIgniter.php(353): CodeIgniter\CodeIgniter->handleRequest(null, Object(Config\Cache), false)
 4 FCPATH\index.php(79): CodeIgniter\CodeIgniter->run()
 5 SYSTEMPATH\Commands\Server\rewrite.php(47): require_once('C:\\laragon\\www\\myplaylist\\public\\index.php')
CRITICAL - 2023-09-28 04:01:31 --> Class "App\Controllers\MusicModel" not found
in APPPATH\Controllers\MusicController.php on line 11.
 1 SYSTEMPATH\CodeIgniter.php(919): App\Controllers\MusicController->index()
 2 SYSTEMPATH\CodeIgniter.php(494): CodeIgniter\CodeIgniter->runController(Object(App\Controllers\MusicController))
 3 SYSTEMPATH\CodeIgniter.php(353): CodeIgniter\CodeIgniter->handleRequest(null, Object(Config\Cache), false)
 4 FCPATH\index.php(79): CodeIgniter\CodeIgniter->run()
 5 SYSTEMPATH\Commands\Server\rewrite.php(47): require_once('C:\\laragon\\www\\myplaylist\\public\\index.php')
CRITICAL - 2023-09-28 04:01:35 --> Class "App\Controllers\MusicModel" not found
in APPPATH\Controllers\MusicController.php on line 11.
 1 SYSTEMPATH\CodeIgniter.php(919): App\Controllers\MusicController->index()
 2 SYSTEMPATH\CodeIgniter.php(494): CodeIgniter\CodeIgniter->runController(Object(App\Controllers\MusicController))
 3 SYSTEMPATH\CodeIgniter.php(353): CodeIgniter\CodeIgniter->handleRequest(null, Object(Config\Cache), false)
 4 FCPATH\index.php(79): CodeIgniter\CodeIgniter->run()
 5 SYSTEMPATH\Commands\Server\rewrite.php(47): require_once('C:\\laragon\\www\\myplaylist\\public\\index.php')
CRITICAL - 2023-09-28 04:01:36 --> Class "App\Controllers\MusicModel" not found
in APPPATH\Controllers\MusicController.php on line 11.
 1 SYSTEMPATH\CodeIgniter.php(919): App\Controllers\MusicController->index()
 2 SYSTEMPATH\CodeIgniter.php(494): CodeIgniter\CodeIgniter->runController(Object(App\Controllers\MusicController))
 3 SYSTEMPATH\CodeIgniter.php(353): CodeIgniter\CodeIgniter->handleRequest(null, Object(Config\Cache), false)
 4 FCPATH\index.php(79): CodeIgniter\CodeIgniter->run()
 5 SYSTEMPATH\Commands\Server\rewrite.php(47): require_once('C:\\laragon\\www\\myplaylist\\public\\index.php')
CRITICAL - 2023-09-28 04:01:36 --> Class "App\Controllers\MusicModel" not found
in APPPATH\Controllers\MusicController.php on line 11.
 1 SYSTEMPATH\CodeIgniter.php(919): App\Controllers\MusicController->index()
 2 SYSTEMPATH\CodeIgniter.php(494): CodeIgniter\CodeIgniter->runController(Object(App\Controllers\MusicController))
 3 SYSTEMPATH\CodeIgniter.php(353): CodeIgniter\CodeIgniter->handleRequest(null, Object(Config\Cache), false)
 4 FCPATH\index.php(79): CodeIgniter\CodeIgniter->run()
 5 SYSTEMPATH\Commands\Server\rewrite.php(47): require_once('C:\\laragon\\www\\myplaylist\\public\\index.php')
CRITICAL - 2023-09-28 04:01:36 --> Class "App\Controllers\MusicModel" not found
in APPPATH\Controllers\MusicController.php on line 11.
 1 SYSTEMPATH\CodeIgniter.php(919): App\Controllers\MusicController->index()
 2 SYSTEMPATH\CodeIgniter.php(494): CodeIgniter\CodeIgniter->runController(Object(App\Controllers\MusicController))
 3 SYSTEMPATH\CodeIgniter.php(353): CodeIgniter\CodeIgniter->handleRequest(null, Object(Config\Cache), false)
 4 FCPATH\index.php(79): CodeIgniter\CodeIgniter->run()
 5 SYSTEMPATH\Commands\Server\rewrite.php(47): require_once('C:\\laragon\\www\\myplaylist\\public\\index.php')
CRITICAL - 2023-09-28 04:01:37 --> Class "App\Controllers\MusicModel" not found
in APPPATH\Controllers\MusicController.php on line 11.
 1 SYSTEMPATH\CodeIgniter.php(919): App\Controllers\MusicController->index()
 2 SYSTEMPATH\CodeIgniter.php(494): CodeIgniter\CodeIgniter->runController(Object(App\Controllers\MusicController))
 3 SYSTEMPATH\CodeIgniter.php(353): CodeIgniter\CodeIgniter->handleRequest(null, Object(Config\Cache), false)
 4 FCPATH\index.php(79): CodeIgniter\CodeIgniter->run()
 5 SYSTEMPATH\Commands\Server\rewrite.php(47): require_once('C:\\laragon\\www\\myplaylist\\public\\index.php')
CRITICAL - 2023-09-28 04:01:37 --> Class "App\Controllers\MusicModel" not found
in APPPATH\Controllers\MusicController.php on line 11.
 1 SYSTEMPATH\CodeIgniter.php(919): App\Controllers\MusicController->index()
 2 SYSTEMPATH\CodeIgniter.php(494): CodeIgniter\CodeIgniter->runController(Object(App\Controllers\MusicController))
 3 SYSTEMPATH\CodeIgniter.php(353): CodeIgniter\CodeIgniter->handleRequest(null, Object(Config\Cache), false)
 4 FCPATH\index.php(79): CodeIgniter\CodeIgniter->run()
 5 SYSTEMPATH\Commands\Server\rewrite.php(47): require_once('C:\\laragon\\www\\myplaylist\\public\\index.php')
CRITICAL - 2023-09-28 04:01:37 --> Class "App\Controllers\MusicModel" not found
in APPPATH\Controllers\MusicController.php on line 11.
 1 SYSTEMPATH\CodeIgniter.php(919): App\Controllers\MusicController->index()
 2 SYSTEMPATH\CodeIgniter.php(494): CodeIgniter\CodeIgniter->runController(Object(App\Controllers\MusicController))
 3 SYSTEMPATH\CodeIgniter.php(353): CodeIgniter\CodeIgniter->handleRequest(null, Object(Config\Cache), false)
 4 FCPATH\index.php(79): CodeIgniter\CodeIgniter->run()
 5 SYSTEMPATH\Commands\Server\rewrite.php(47): require_once('C:\\laragon\\www\\myplaylist\\public\\index.php')
CRITICAL - 2023-09-28 04:01:37 --> Class "App\Controllers\MusicModel" not found
in APPPATH\Controllers\MusicController.php on line 11.
 1 SYSTEMPATH\CodeIgniter.php(919): App\Controllers\MusicController->index()
 2 SYSTEMPATH\CodeIgniter.php(494): CodeIgniter\CodeIgniter->runController(Object(App\Controllers\MusicController))
 3 SYSTEMPATH\CodeIgniter.php(353): CodeIgniter\CodeIgniter->handleRequest(null, Object(Config\Cache), false)
 4 FCPATH\index.php(79): CodeIgniter\CodeIgniter->run()
 5 SYSTEMPATH\Commands\Server\rewrite.php(47): require_once('C:\\laragon\\www\\myplaylist\\public\\index.php')
CRITICAL - 2023-09-28 04:01:38 --> Class "App\Controllers\MusicModel" not found
in APPPATH\Controllers\MusicController.php on line 11.
 1 SYSTEMPATH\CodeIgniter.php(919): App\Controllers\MusicController->index()
 2 SYSTEMPATH\CodeIgniter.php(494): CodeIgniter\CodeIgniter->runController(Object(App\Controllers\MusicController))
 3 SYSTEMPATH\CodeIgniter.php(353): CodeIgniter\CodeIgniter->handleRequest(null, Object(Config\Cache), false)
 4 FCPATH\index.php(79): CodeIgniter\CodeIgniter->run()
 5 SYSTEMPATH\Commands\Server\rewrite.php(47): require_once('C:\\laragon\\www\\myplaylist\\public\\index.php')
CRITICAL - 2023-09-28 04:01:38 --> Class "App\Controllers\MusicModel" not found
in APPPATH\Controllers\MusicController.php on line 11.
 1 SYSTEMPATH\CodeIgniter.php(919): App\Controllers\MusicController->index()
 2 SYSTEMPATH\CodeIgniter.php(494): CodeIgniter\CodeIgniter->runController(Object(App\Controllers\MusicController))
 3 SYSTEMPATH\CodeIgniter.php(353): CodeIgniter\CodeIgniter->handleRequest(null, Object(Config\Cache), false)
 4 FCPATH\index.php(79): CodeIgniter\CodeIgniter->run()
 5 SYSTEMPATH\Commands\Server\rewrite.php(47): require_once('C:\\laragon\\www\\myplaylist\\public\\index.php')
CRITICAL - 2023-09-28 04:02:40 --> Class "App\Controllers\MusicModel" not found
in APPPATH\Controllers\MusicController.php on line 11.
 1 SYSTEMPATH\CodeIgniter.php(919): App\Controllers\MusicController->index()
 2 SYSTEMPATH\CodeIgniter.php(494): CodeIgniter\CodeIgniter->runController(Object(App\Controllers\MusicController))
 3 SYSTEMPATH\CodeIgniter.php(353): CodeIgniter\CodeIgniter->handleRequest(null, Object(Config\Cache), false)
 4 FCPATH\index.php(79): CodeIgniter\CodeIgniter->run()
 5 SYSTEMPATH\Commands\Server\rewrite.php(47): require_once('C:\\laragon\\www\\myplaylist\\public\\index.php')
CRITICAL - 2023-09-28 04:02:41 --> Class "App\Controllers\MusicModel" not found
in APPPATH\Controllers\MusicController.php on line 11.
 1 SYSTEMPATH\CodeIgniter.php(919): App\Controllers\MusicController->index()
 2 SYSTEMPATH\CodeIgniter.php(494): CodeIgniter\CodeIgniter->runController(Object(App\Controllers\MusicController))
 3 SYSTEMPATH\CodeIgniter.php(353): CodeIgniter\CodeIgniter->handleRequest(null, Object(Config\Cache), false)
 4 FCPATH\index.php(79): CodeIgniter\CodeIgniter->run()
 5 SYSTEMPATH\Commands\Server\rewrite.php(47): require_once('C:\\laragon\\www\\myplaylist\\public\\index.php')
CRITICAL - 2023-09-28 04:02:41 --> Class "App\Controllers\MusicModel" not found
in APPPATH\Controllers\MusicController.php on line 11.
 1 SYSTEMPATH\CodeIgniter.php(919): App\Controllers\MusicController->index()
 2 SYSTEMPATH\CodeIgniter.php(494): CodeIgniter\CodeIgniter->runController(Object(App\Controllers\MusicController))
 3 SYSTEMPATH\CodeIgniter.php(353): CodeIgniter\CodeIgniter->handleRequest(null, Object(Config\Cache), false)
 4 FCPATH\index.php(79): CodeIgniter\CodeIgniter->run()
 5 SYSTEMPATH\Commands\Server\rewrite.php(47): require_once('C:\\laragon\\www\\myplaylist\\public\\index.php')
CRITICAL - 2023-09-28 04:02:42 --> Class "App\Controllers\MusicModel" not found
in APPPATH\Controllers\MusicController.php on line 11.
 1 SYSTEMPATH\CodeIgniter.php(919): App\Controllers\MusicController->index()
 2 SYSTEMPATH\CodeIgniter.php(494): CodeIgniter\CodeIgniter->runController(Object(App\Controllers\MusicController))
 3 SYSTEMPATH\CodeIgniter.php(353): CodeIgniter\CodeIgniter->handleRequest(null, Object(Config\Cache), false)
 4 FCPATH\index.php(79): CodeIgniter\CodeIgniter->run()
 5 SYSTEMPATH\Commands\Server\rewrite.php(47): require_once('C:\\laragon\\www\\myplaylist\\public\\index.php')
CRITICAL - 2023-09-28 04:02:42 --> Class "App\Controllers\MusicModel" not found
in APPPATH\Controllers\MusicController.php on line 11.
 1 SYSTEMPATH\CodeIgniter.php(919): App\Controllers\MusicController->index()
 2 SYSTEMPATH\CodeIgniter.php(494): CodeIgniter\CodeIgniter->runController(Object(App\Controllers\MusicController))
 3 SYSTEMPATH\CodeIgniter.php(353): CodeIgniter\CodeIgniter->handleRequest(null, Object(Config\Cache), false)
 4 FCPATH\index.php(79): CodeIgniter\CodeIgniter->run()
 5 SYSTEMPATH\Commands\Server\rewrite.php(47): require_once('C:\\laragon\\www\\myplaylist\\public\\index.php')
CRITICAL - 2023-09-28 04:02:42 --> Class "App\Controllers\MusicModel" not found
in APPPATH\Controllers\MusicController.php on line 11.
 1 SYSTEMPATH\CodeIgniter.php(919): App\Controllers\MusicController->index()
 2 SYSTEMPATH\CodeIgniter.php(494): CodeIgniter\CodeIgniter->runController(Object(App\Controllers\MusicController))
 3 SYSTEMPATH\CodeIgniter.php(353): CodeIgniter\CodeIgniter->handleRequest(null, Object(Config\Cache), false)
 4 FCPATH\index.php(79): CodeIgniter\CodeIgniter->run()
 5 SYSTEMPATH\Commands\Server\rewrite.php(47): require_once('C:\\laragon\\www\\myplaylist\\public\\index.php')
CRITICAL - 2023-09-28 04:02:42 --> Class "App\Controllers\MusicModel" not found
in APPPATH\Controllers\MusicController.php on line 11.
 1 SYSTEMPATH\CodeIgniter.php(919): App\Controllers\MusicController->index()
 2 SYSTEMPATH\CodeIgniter.php(494): CodeIgniter\CodeIgniter->runController(Object(App\Controllers\MusicController))
 3 SYSTEMPATH\CodeIgniter.php(353): CodeIgniter\CodeIgniter->handleRequest(null, Object(Config\Cache), false)
 4 FCPATH\index.php(79): CodeIgniter\CodeIgniter->run()
 5 SYSTEMPATH\Commands\Server\rewrite.php(47): require_once('C:\\laragon\\www\\myplaylist\\public\\index.php')
CRITICAL - 2023-09-28 04:02:43 --> Class "App\Controllers\MusicModel" not found
in APPPATH\Controllers\MusicController.php on line 11.
 1 SYSTEMPATH\CodeIgniter.php(919): App\Controllers\MusicController->index()
 2 SYSTEMPATH\CodeIgniter.php(494): CodeIgniter\CodeIgniter->runController(Object(App\Controllers\MusicController))
 3 SYSTEMPATH\CodeIgniter.php(353): CodeIgniter\CodeIgniter->handleRequest(null, Object(Config\Cache), false)
 4 FCPATH\index.php(79): CodeIgniter\CodeIgniter->run()
 5 SYSTEMPATH\Commands\Server\rewrite.php(47): require_once('C:\\laragon\\www\\myplaylist\\public\\index.php')
CRITICAL - 2023-09-28 04:02:43 --> Class "App\Controllers\MusicModel" not found
in APPPATH\Controllers\MusicController.php on line 11.
 1 SYSTEMPATH\CodeIgniter.php(919): App\Controllers\MusicController->index()
 2 SYSTEMPATH\CodeIgniter.php(494): CodeIgniter\CodeIgniter->runController(Object(App\Controllers\MusicController))
 3 SYSTEMPATH\CodeIgniter.php(353): CodeIgniter\CodeIgniter->handleRequest(null, Object(Config\Cache), false)
 4 FCPATH\index.php(79): CodeIgniter\CodeIgniter->run()
 5 SYSTEMPATH\Commands\Server\rewrite.php(47): require_once('C:\\laragon\\www\\myplaylist\\public\\index.php')
CRITICAL - 2023-09-28 04:02:43 --> Class "App\Controllers\MusicModel" not found
in APPPATH\Controllers\MusicController.php on line 11.
 1 SYSTEMPATH\CodeIgniter.php(919): App\Controllers\MusicController->index()
 2 SYSTEMPATH\CodeIgniter.php(494): CodeIgniter\CodeIgniter->runController(Object(App\Controllers\MusicController))
 3 SYSTEMPATH\CodeIgniter.php(353): CodeIgniter\CodeIgniter->handleRequest(null, Object(Config\Cache), false)
 4 FCPATH\index.php(79): CodeIgniter\CodeIgniter->run()
 5 SYSTEMPATH\Commands\Server\rewrite.php(47): require_once('C:\\laragon\\www\\myplaylist\\public\\index.php')
CRITICAL - 2023-09-28 04:02:43 --> Class "App\Controllers\MusicModel" not found
in APPPATH\Controllers\MusicController.php on line 11.
 1 SYSTEMPATH\CodeIgniter.php(919): App\Controllers\MusicController->index()
 2 SYSTEMPATH\CodeIgniter.php(494): CodeIgniter\CodeIgniter->runController(Object(App\Controllers\MusicController))
 3 SYSTEMPATH\CodeIgniter.php(353): CodeIgniter\CodeIgniter->handleRequest(null, Object(Config\Cache), false)
 4 FCPATH\index.php(79): CodeIgniter\CodeIgniter->run()
 5 SYSTEMPATH\Commands\Server\rewrite.php(47): require_once('C:\\laragon\\www\\myplaylist\\public\\index.php')
CRITICAL - 2023-09-28 04:02:43 --> Class "App\Controllers\MusicModel" not found
in APPPATH\Controllers\MusicController.php on line 11.
 1 SYSTEMPATH\CodeIgniter.php(919): App\Controllers\MusicController->index()
 2 SYSTEMPATH\CodeIgniter.php(494): CodeIgniter\CodeIgniter->runController(Object(App\Controllers\MusicController))
 3 SYSTEMPATH\CodeIgniter.php(353): CodeIgniter\CodeIgniter->handleRequest(null, Object(Config\Cache), false)
 4 FCPATH\index.php(79): CodeIgniter\CodeIgniter->run()
 5 SYSTEMPATH\Commands\Server\rewrite.php(47): require_once('C:\\laragon\\www\\myplaylist\\public\\index.php')
CRITICAL - 2023-09-28 04:02:44 --> Class "App\Controllers\MusicModel" not found
in APPPATH\Controllers\MusicController.php on line 11.
 1 SYSTEMPATH\CodeIgniter.php(919): App\Controllers\MusicController->index()
 2 SYSTEMPATH\CodeIgniter.php(494): CodeIgniter\CodeIgniter->runController(Object(App\Controllers\MusicController))
 3 SYSTEMPATH\CodeIgniter.php(353): CodeIgniter\CodeIgniter->handleRequest(null, Object(Config\Cache), false)
 4 FCPATH\index.php(79): CodeIgniter\CodeIgniter->run()
 5 SYSTEMPATH\Commands\Server\rewrite.php(47): require_once('C:\\laragon\\www\\myplaylist\\public\\index.php')
CRITICAL - 2023-09-28 04:05:11 --> Class "App\Controllers\MusicModel" not found
in APPPATH\Controllers\MusicController.php on line 11.
 1 SYSTEMPATH\CodeIgniter.php(919): App\Controllers\MusicController->index()
 2 SYSTEMPATH\CodeIgniter.php(494): CodeIgniter\CodeIgniter->runController(Object(App\Controllers\MusicController))
 3 SYSTEMPATH\CodeIgniter.php(353): CodeIgniter\CodeIgniter->handleRequest(null, Object(Config\Cache), false)
 4 FCPATH\index.php(79): CodeIgniter\CodeIgniter->run()
 5 SYSTEMPATH\Commands\Server\rewrite.php(47): require_once('C:\\laragon\\www\\myplaylist\\public\\index.php')
CRITICAL - 2023-09-28 04:05:12 --> Class "App\Controllers\MusicModel" not found
in APPPATH\Controllers\MusicController.php on line 11.
 1 SYSTEMPATH\CodeIgniter.php(919): App\Controllers\MusicController->index()
 2 SYSTEMPATH\CodeIgniter.php(494): CodeIgniter\CodeIgniter->runController(Object(App\Controllers\MusicController))
 3 SYSTEMPATH\CodeIgniter.php(353): CodeIgniter\CodeIgniter->handleRequest(null, Object(Config\Cache), false)
 4 FCPATH\index.php(79): CodeIgniter\CodeIgniter->run()
 5 SYSTEMPATH\Commands\Server\rewrite.php(47): require_once('C:\\laragon\\www\\myplaylist\\public\\index.php')
CRITICAL - 2023-09-28 04:05:12 --> Class "App\Controllers\MusicModel" not found
in APPPATH\Controllers\MusicController.php on line 11.
 1 SYSTEMPATH\CodeIgniter.php(919): App\Controllers\MusicController->index()
 2 SYSTEMPATH\CodeIgniter.php(494): CodeIgniter\CodeIgniter->runController(Object(App\Controllers\MusicController))
 3 SYSTEMPATH\CodeIgniter.php(353): CodeIgniter\CodeIgniter->handleRequest(null, Object(Config\Cache), false)
 4 FCPATH\index.php(79): CodeIgniter\CodeIgniter->run()
 5 SYSTEMPATH\Commands\Server\rewrite.php(47): require_once('C:\\laragon\\www\\myplaylist\\public\\index.php')
CRITICAL - 2023-09-28 04:06:01 --> Class "App\Controllers\MusicModel" not found
in APPPATH\Controllers\MusicController.php on line 11.
 1 SYSTEMPATH\CodeIgniter.php(919): App\Controllers\MusicController->index()
 2 SYSTEMPATH\CodeIgniter.php(494): CodeIgniter\CodeIgniter->runController(Object(App\Controllers\MusicController))
 3 SYSTEMPATH\CodeIgniter.php(353): CodeIgniter\CodeIgniter->handleRequest(null, Object(Config\Cache), false)
 4 FCPATH\index.php(79): CodeIgniter\CodeIgniter->run()
 5 SYSTEMPATH\Commands\Server\rewrite.php(47): require_once('C:\\laragon\\www\\myplaylist\\public\\index.php')
CRITICAL - 2023-09-28 04:06:02 --> Class "App\Controllers\MusicModel" not found
in APPPATH\Controllers\MusicController.php on line 11.
 1 SYSTEMPATH\CodeIgniter.php(919): App\Controllers\MusicController->index()
 2 SYSTEMPATH\CodeIgniter.php(494): CodeIgniter\CodeIgniter->runController(Object(App\Controllers\MusicController))
 3 SYSTEMPATH\CodeIgniter.php(353): CodeIgniter\CodeIgniter->handleRequest(null, Object(Config\Cache), false)
 4 FCPATH\index.php(79): CodeIgniter\CodeIgniter->run()
 5 SYSTEMPATH\Commands\Server\rewrite.php(47): require_once('C:\\laragon\\www\\myplaylist\\public\\index.php')
CRITICAL - 2023-09-28 04:06:02 --> Class "App\Controllers\MusicModel" not found
in APPPATH\Controllers\MusicController.php on line 11.
 1 SYSTEMPATH\CodeIgniter.php(919): App\Controllers\MusicController->index()
 2 SYSTEMPATH\CodeIgniter.php(494): CodeIgniter\CodeIgniter->runController(Object(App\Controllers\MusicController))
 3 SYSTEMPATH\CodeIgniter.php(353): CodeIgniter\CodeIgniter->handleRequest(null, Object(Config\Cache), false)
 4 FCPATH\index.php(79): CodeIgniter\CodeIgniter->run()
 5 SYSTEMPATH\Commands\Server\rewrite.php(47): require_once('C:\\laragon\\www\\myplaylist\\public\\index.php')
CRITICAL - 2023-09-28 04:06:02 --> Class "App\Controllers\MusicModel" not found
in APPPATH\Controllers\MusicController.php on line 11.
 1 SYSTEMPATH\CodeIgniter.php(919): App\Controllers\MusicController->index()
 2 SYSTEMPATH\CodeIgniter.php(494): CodeIgniter\CodeIgniter->runController(Object(App\Controllers\MusicController))
 3 SYSTEMPATH\CodeIgniter.php(353): CodeIgniter\CodeIgniter->handleRequest(null, Object(Config\Cache), false)
 4 FCPATH\index.php(79): CodeIgniter\CodeIgniter->run()
 5 SYSTEMPATH\Commands\Server\rewrite.php(47): require_once('C:\\laragon\\www\\myplaylist\\public\\index.php')
CRITICAL - 2023-09-28 04:06:02 --> Class "App\Controllers\MusicModel" not found
in APPPATH\Controllers\MusicController.php on line 11.
 1 SYSTEMPATH\CodeIgniter.php(919): App\Controllers\MusicController->index()
 2 SYSTEMPATH\CodeIgniter.php(494): CodeIgniter\CodeIgniter->runController(Object(App\Controllers\MusicController))
 3 SYSTEMPATH\CodeIgniter.php(353): CodeIgniter\CodeIgniter->handleRequest(null, Object(Config\Cache), false)
 4 FCPATH\index.php(79): CodeIgniter\CodeIgniter->run()
 5 SYSTEMPATH\Commands\Server\rewrite.php(47): require_once('C:\\laragon\\www\\myplaylist\\public\\index.php')
CRITICAL - 2023-09-28 04:06:03 --> Class "App\Controllers\MusicModel" not found
in APPPATH\Controllers\MusicController.php on line 11.
 1 SYSTEMPATH\CodeIgniter.php(919): App\Controllers\MusicController->index()
 2 SYSTEMPATH\CodeIgniter.php(494): CodeIgniter\CodeIgniter->runController(Object(App\Controllers\MusicController))
 3 SYSTEMPATH\CodeIgniter.php(353): CodeIgniter\CodeIgniter->handleRequest(null, Object(Config\Cache), false)
 4 FCPATH\index.php(79): CodeIgniter\CodeIgniter->run()
 5 SYSTEMPATH\Commands\Server\rewrite.php(47): require_once('C:\\laragon\\www\\myplaylist\\public\\index.php')
CRITICAL - 2023-09-28 04:08:36 --> Class "App\Controllers\MusicModel" not found
in APPPATH\Controllers\MusicController.php on line 11.
 1 SYSTEMPATH\CodeIgniter.php(919): App\Controllers\MusicController->index()
 2 SYSTEMPATH\CodeIgniter.php(494): CodeIgniter\CodeIgniter->runController(Object(App\Controllers\MusicController))
 3 SYSTEMPATH\CodeIgniter.php(353): CodeIgniter\CodeIgniter->handleRequest(null, Object(Config\Cache), false)
 4 FCPATH\index.php(79): CodeIgniter\CodeIgniter->run()
 5 SYSTEMPATH\Commands\Server\rewrite.php(47): require_once('C:\\laragon\\www\\myplaylist\\public\\index.php')
ERROR - 2023-09-28 04:12:55 --> mysqli_sql_exception: Unknown column 'file_name' in 'field list' in C:\laragon\www\myplaylist\system\Database\MySQLi\Connection.php:306
Stack trace:
#0 C:\laragon\www\myplaylist\system\Database\MySQLi\Connection.php(306): mysqli->query('INSERT INTO `mu...', 0)
#1 C:\laragon\www\myplaylist\system\Database\BaseConnection.php(692): CodeIgniter\Database\MySQLi\Connection->execute('INSERT INTO `mu...')
#2 C:\laragon\www\myplaylist\system\Database\BaseConnection.php(606): CodeIgniter\Database\BaseConnection->simpleQuery('INSERT INTO `mu...')
#3 C:\laragon\www\myplaylist\system\Database\BaseBuilder.php(2308): CodeIgniter\Database\BaseConnection->query('INSERT INTO `mu...', Array, false)
#4 C:\laragon\www\myplaylist\system\Model.php(319): CodeIgniter\Database\BaseBuilder->insert()
#5 C:\laragon\www\myplaylist\system\BaseModel.php(788): CodeIgniter\Model->doInsert(Array)
#6 C:\laragon\www\myplaylist\system\Model.php(715): CodeIgniter\BaseModel->insert(Array, true)
#7 C:\laragon\www\myplaylist\app\Controllers\MusicController.php(55): CodeIgniter\Model->insert(Array)
#8 C:\laragon\www\myplaylist\system\CodeIgniter.php(919): App\Controllers\MusicController->uploadMusic()
#9 C:\laragon\www\myplaylist\system\CodeIgniter.php(494): CodeIgniter\CodeIgniter->runController(Object(App\Controllers\MusicController))
#10 C:\laragon\www\myplaylist\system\CodeIgniter.php(353): CodeIgniter\CodeIgniter->handleRequest(NULL, Object(Config\Cache), false)
#11 C:\laragon\www\myplaylist\public\index.php(79): CodeIgniter\CodeIgniter->run()
#12 C:\laragon\www\myplaylist\system\Commands\Server\rewrite.php(47): require_once('C:\\laragon\\www\\...')
#13 {main}
CRITICAL - 2023-09-28 04:12:55 --> Unknown column 'file_name' in 'field list'
in SYSTEMPATH\Database\BaseConnection.php on line 646.
 1 SYSTEMPATH\Database\BaseBuilder.php(2308): CodeIgniter\Database\BaseConnection->query('INSERT INTO `music_tracks` (`file_name`, `file_path`) VALUES (:file_name:, :file_path:)', [...], false)
 2 SYSTEMPATH\Model.php(319): CodeIgniter\Database\BaseBuilder->insert()
 3 SYSTEMPATH\BaseModel.php(788): CodeIgniter\Model->doInsert([...])
 4 SYSTEMPATH\Model.php(715): CodeIgniter\BaseModel->insert([...], true)
 5 APPPATH\Controllers\MusicController.php(55): CodeIgniter\Model->insert([...])
 6 SYSTEMPATH\CodeIgniter.php(919): App\Controllers\MusicController->uploadMusic()
 7 SYSTEMPATH\CodeIgniter.php(494): CodeIgniter\CodeIgniter->runController(Object(App\Controllers\MusicController))
 8 SYSTEMPATH\CodeIgniter.php(353): CodeIgniter\CodeIgniter->handleRequest(null, Object(Config\Cache), false)
 9 FCPATH\index.php(79): CodeIgniter\CodeIgniter->run()
10 SYSTEMPATH\Commands\Server\rewrite.php(47): require_once('C:\\laragon\\www\\myplaylist\\public\\index.php')
ERROR - 2023-09-28 04:15:13 --> mysqli_sql_exception: Unknown column 'file_name' in 'field list' in C:\laragon\www\myplaylist\system\Database\MySQLi\Connection.php:306
Stack trace:
#0 C:\laragon\www\myplaylist\system\Database\MySQLi\Connection.php(306): mysqli->query('INSERT INTO `mu...', 0)
#1 C:\laragon\www\myplaylist\system\Database\BaseConnection.php(692): CodeIgniter\Database\MySQLi\Connection->execute('INSERT INTO `mu...')
#2 C:\laragon\www\myplaylist\system\Database\BaseConnection.php(606): CodeIgniter\Database\BaseConnection->simpleQuery('INSERT INTO `mu...')
#3 C:\laragon\www\myplaylist\system\Database\BaseBuilder.php(2308): CodeIgniter\Database\BaseConnection->query('INSERT INTO `mu...', Array, false)
#4 C:\laragon\www\myplaylist\system\Model.php(319): CodeIgniter\Database\BaseBuilder->insert()
#5 C:\laragon\www\myplaylist\system\BaseModel.php(788): CodeIgniter\Model->doInsert(Array)
#6 C:\laragon\www\myplaylist\system\Model.php(715): CodeIgniter\BaseModel->insert(Array, true)
#7 C:\laragon\www\myplaylist\app\Controllers\MusicController.php(55): CodeIgniter\Model->insert(Array)
#8 C:\laragon\www\myplaylist\system\CodeIgniter.php(919): App\Controllers\MusicController->uploadMusic()
#9 C:\laragon\www\myplaylist\system\CodeIgniter.php(494): CodeIgniter\CodeIgniter->runController(Object(App\Controllers\MusicController))
#10 C:\laragon\www\myplaylist\system\CodeIgniter.php(353): CodeIgniter\CodeIgniter->handleRequest(NULL, Object(Config\Cache), false)
#11 C:\laragon\www\myplaylist\public\index.php(79): CodeIgniter\CodeIgniter->run()
#12 C:\laragon\www\myplaylist\system\Commands\Server\rewrite.php(47): require_once('C:\\laragon\\www\\...')
#13 {main}
CRITICAL - 2023-09-28 04:15:13 --> Unknown column 'file_name' in 'field list'
in SYSTEMPATH\Database\BaseConnection.php on line 646.
 1 SYSTEMPATH\Database\BaseBuilder.php(2308): CodeIgniter\Database\BaseConnection->query('INSERT INTO `music_tracks` (`file_name`, `file_path`) VALUES (:file_name:, :file_path:)', [...], false)
 2 SYSTEMPATH\Model.php(319): CodeIgniter\Database\BaseBuilder->insert()
 3 SYSTEMPATH\BaseModel.php(788): CodeIgniter\Model->doInsert([...])
 4 SYSTEMPATH\Model.php(715): CodeIgniter\BaseModel->insert([...], true)
 5 APPPATH\Controllers\MusicController.php(55): CodeIgniter\Model->insert([...])
 6 SYSTEMPATH\CodeIgniter.php(919): App\Controllers\MusicController->uploadMusic()
 7 SYSTEMPATH\CodeIgniter.php(494): CodeIgniter\CodeIgniter->runController(Object(App\Controllers\MusicController))
 8 SYSTEMPATH\CodeIgniter.php(353): CodeIgniter\CodeIgniter->handleRequest(null, Object(Config\Cache), false)
 9 FCPATH\index.php(79): CodeIgniter\CodeIgniter->run()
10 SYSTEMPATH\Commands\Server\rewrite.php(47): require_once('C:\\laragon\\www\\myplaylist\\public\\index.php')
ERROR - 2023-09-28 04:15:46 --> mysqli_sql_exception: Unknown column 'file_name' in 'field list' in C:\laragon\www\myplaylist\system\Database\MySQLi\Connection.php:306
Stack trace:
#0 C:\laragon\www\myplaylist\system\Database\MySQLi\Connection.php(306): mysqli->query('INSERT INTO `mu...', 0)
#1 C:\laragon\www\myplaylist\system\Database\BaseConnection.php(692): CodeIgniter\Database\MySQLi\Connection->execute('INSERT INTO `mu...')
#2 C:\laragon\www\myplaylist\system\Database\BaseConnection.php(606): CodeIgniter\Database\BaseConnection->simpleQuery('INSERT INTO `mu...')
#3 C:\laragon\www\myplaylist\system\Database\BaseBuilder.php(2308): CodeIgniter\Database\BaseConnection->query('INSERT INTO `mu...', Array, false)
#4 C:\laragon\www\myplaylist\system\Model.php(319): CodeIgniter\Database\BaseBuilder->insert()
#5 C:\laragon\www\myplaylist\system\BaseModel.php(788): CodeIgniter\Model->doInsert(Array)
#6 C:\laragon\www\myplaylist\system\Model.php(715): CodeIgniter\BaseModel->insert(Array, true)
#7 C:\laragon\www\myplaylist\app\Controllers\MusicController.php(55): CodeIgniter\Model->insert(Array)
#8 C:\laragon\www\myplaylist\system\CodeIgniter.php(919): App\Controllers\MusicController->uploadMusic()
#9 C:\laragon\www\myplaylist\system\CodeIgniter.php(494): CodeIgniter\CodeIgniter->runController(Object(App\Controllers\MusicController))
#10 C:\laragon\www\myplaylist\system\CodeIgniter.php(353): CodeIgniter\CodeIgniter->handleRequest(NULL, Object(Config\Cache), false)
#11 C:\laragon\www\myplaylist\public\index.php(79): CodeIgniter\CodeIgniter->run()
#12 C:\laragon\www\myplaylist\system\Commands\Server\rewrite.php(47): require_once('C:\\laragon\\www\\...')
#13 {main}
CRITICAL - 2023-09-28 04:15:46 --> Unknown column 'file_name' in 'field list'
in SYSTEMPATH\Database\BaseConnection.php on line 646.
 1 SYSTEMPATH\Database\BaseBuilder.php(2308): CodeIgniter\Database\BaseConnection->query('INSERT INTO `music_tracks` (`file_name`, `file_path`) VALUES (:file_name:, :file_path:)', [...], false)
 2 SYSTEMPATH\Model.php(319): CodeIgniter\Database\BaseBuilder->insert()
 3 SYSTEMPATH\BaseModel.php(788): CodeIgniter\Model->doInsert([...])
 4 SYSTEMPATH\Model.php(715): CodeIgniter\BaseModel->insert([...], true)
 5 APPPATH\Controllers\MusicController.php(55): CodeIgniter\Model->insert([...])
 6 SYSTEMPATH\CodeIgniter.php(919): App\Controllers\MusicController->uploadMusic()
 7 SYSTEMPATH\CodeIgniter.php(494): CodeIgniter\CodeIgniter->runController(Object(App\Controllers\MusicController))
 8 SYSTEMPATH\CodeIgniter.php(353): CodeIgniter\CodeIgniter->handleRequest(null, Object(Config\Cache), false)
 9 FCPATH\index.php(79): CodeIgniter\CodeIgniter->run()
10 SYSTEMPATH\Commands\Server\rewrite.php(47): require_once('C:\\laragon\\www\\myplaylist\\public\\index.php')
ERROR - 2023-09-28 04:16:37 --> mysqli_sql_exception: Unknown column 'file_name' in 'field list' in C:\laragon\www\myplaylist\system\Database\MySQLi\Connection.php:306
Stack trace:
#0 C:\laragon\www\myplaylist\system\Database\MySQLi\Connection.php(306): mysqli->query('INSERT INTO `mu...', 0)
#1 C:\laragon\www\myplaylist\system\Database\BaseConnection.php(692): CodeIgniter\Database\MySQLi\Connection->execute('INSERT INTO `mu...')
#2 C:\laragon\www\myplaylist\system\Database\BaseConnection.php(606): CodeIgniter\Database\BaseConnection->simpleQuery('INSERT INTO `mu...')
#3 C:\laragon\www\myplaylist\system\Database\BaseBuilder.php(2308): CodeIgniter\Database\BaseConnection->query('INSERT INTO `mu...', Array, false)
#4 C:\laragon\www\myplaylist\system\Model.php(319): CodeIgniter\Database\BaseBuilder->insert()
#5 C:\laragon\www\myplaylist\system\BaseModel.php(788): CodeIgniter\Model->doInsert(Array)
#6 C:\laragon\www\myplaylist\system\Model.php(715): CodeIgniter\BaseModel->insert(Array, true)
#7 C:\laragon\www\myplaylist\app\Controllers\MusicController.php(55): CodeIgniter\Model->insert(Array)
#8 C:\laragon\www\myplaylist\system\CodeIgniter.php(919): App\Controllers\MusicController->uploadMusic()
#9 C:\laragon\www\myplaylist\system\CodeIgniter.php(494): CodeIgniter\CodeIgniter->runController(Object(App\Controllers\MusicController))
#10 C:\laragon\www\myplaylist\system\CodeIgniter.php(353): CodeIgniter\CodeIgniter->handleRequest(NULL, Object(Config\Cache), false)
#11 C:\laragon\www\myplaylist\public\index.php(79): CodeIgniter\CodeIgniter->run()
#12 C:\laragon\www\myplaylist\system\Commands\Server\rewrite.php(47): require_once('C:\\laragon\\www\\...')
#13 {main}
CRITICAL - 2023-09-28 04:16:37 --> Unknown column 'file_name' in 'field list'
in SYSTEMPATH\Database\BaseConnection.php on line 646.
 1 SYSTEMPATH\Database\BaseBuilder.php(2308): CodeIgniter\Database\BaseConnection->query('INSERT INTO `music_tracks` (`file_name`, `file_path`) VALUES (:file_name:, :file_path:)', [...], false)
 2 SYSTEMPATH\Model.php(319): CodeIgniter\Database\BaseBuilder->insert()
 3 SYSTEMPATH\BaseModel.php(788): CodeIgniter\Model->doInsert([...])
 4 SYSTEMPATH\Model.php(715): CodeIgniter\BaseModel->insert([...], true)
 5 APPPATH\Controllers\MusicController.php(55): CodeIgniter\Model->insert([...])
 6 SYSTEMPATH\CodeIgniter.php(919): App\Controllers\MusicController->uploadMusic()
 7 SYSTEMPATH\CodeIgniter.php(494): CodeIgniter\CodeIgniter->runController(Object(App\Controllers\MusicController))
 8 SYSTEMPATH\CodeIgniter.php(353): CodeIgniter\CodeIgniter->handleRequest(null, Object(Config\Cache), false)
 9 FCPATH\index.php(79): CodeIgniter\CodeIgniter->run()
10 SYSTEMPATH\Commands\Server\rewrite.php(47): require_once('C:\\laragon\\www\\myplaylist\\public\\index.php')
ERROR - 2023-09-28 04:20:14 --> mysqli_sql_exception: Unknown column 'file_name' in 'field list' in C:\laragon\www\myplaylist\system\Database\MySQLi\Connection.php:306
Stack trace:
#0 C:\laragon\www\myplaylist\system\Database\MySQLi\Connection.php(306): mysqli->query('INSERT INTO `mu...', 0)
#1 C:\laragon\www\myplaylist\system\Database\BaseConnection.php(692): CodeIgniter\Database\MySQLi\Connection->execute('INSERT INTO `mu...')
#2 C:\laragon\www\myplaylist\system\Database\BaseConnection.php(606): CodeIgniter\Database\BaseConnection->simpleQuery('INSERT INTO `mu...')
#3 C:\laragon\www\myplaylist\system\Database\BaseBuilder.php(2308): CodeIgniter\Database\BaseConnection->query('INSERT INTO `mu...', Array, false)
#4 C:\laragon\www\myplaylist\system\Model.php(319): CodeIgniter\Database\BaseBuilder->insert()
#5 C:\laragon\www\myplaylist\system\BaseModel.php(788): CodeIgniter\Model->doInsert(Array)
#6 C:\laragon\www\myplaylist\system\Model.php(715): CodeIgniter\BaseModel->insert(Array, true)
#7 C:\laragon\www\myplaylist\app\Controllers\MusicController.php(55): CodeIgniter\Model->insert(Array)
#8 C:\laragon\www\myplaylist\system\CodeIgniter.php(919): App\Controllers\MusicController->uploadMusic()
#9 C:\laragon\www\myplaylist\system\CodeIgniter.php(494): CodeIgniter\CodeIgniter->runController(Object(App\Controllers\MusicController))
#10 C:\laragon\www\myplaylist\system\CodeIgniter.php(353): CodeIgniter\CodeIgniter->handleRequest(NULL, Object(Config\Cache), false)
#11 C:\laragon\www\myplaylist\public\index.php(79): CodeIgniter\CodeIgniter->run()
#12 C:\laragon\www\myplaylist\system\Commands\Server\rewrite.php(47): require_once('C:\\laragon\\www\\...')
#13 {main}
CRITICAL - 2023-09-28 04:20:14 --> Unknown column 'file_name' in 'field list'
in SYSTEMPATH\Database\BaseConnection.php on line 646.
 1 SYSTEMPATH\Database\BaseBuilder.php(2308): CodeIgniter\Database\BaseConnection->query('INSERT INTO `music_tracks` (`file_name`, `file_path`) VALUES (:file_name:, :file_path:)', [...], false)
 2 SYSTEMPATH\Model.php(319): CodeIgniter\Database\BaseBuilder->insert()
 3 SYSTEMPATH\BaseModel.php(788): CodeIgniter\Model->doInsert([...])
 4 SYSTEMPATH\Model.php(715): CodeIgniter\BaseModel->insert([...], true)
 5 APPPATH\Controllers\MusicController.php(55): CodeIgniter\Model->insert([...])
 6 SYSTEMPATH\CodeIgniter.php(919): App\Controllers\MusicController->uploadMusic()
 7 SYSTEMPATH\CodeIgniter.php(494): CodeIgniter\CodeIgniter->runController(Object(App\Controllers\MusicController))
 8 SYSTEMPATH\CodeIgniter.php(353): CodeIgniter\CodeIgniter->handleRequest(null, Object(Config\Cache), false)
 9 FCPATH\index.php(79): CodeIgniter\CodeIgniter->run()
10 SYSTEMPATH\Commands\Server\rewrite.php(47): require_once('C:\\laragon\\www\\myplaylist\\public\\index.php')
CRITICAL - 2023-09-28 04:20:22 --> Class "App\Models\PlayListMusicModel" not found
in APPPATH\Controllers\MusicController.php on line 70.
 1 SYSTEMPATH\CodeIgniter.php(919): App\Controllers\MusicController->addToPlaylist()
 2 SYSTEMPATH\CodeIgniter.php(494): CodeIgniter\CodeIgniter->runController(Object(App\Controllers\MusicController))
 3 SYSTEMPATH\CodeIgniter.php(353): CodeIgniter\CodeIgniter->handleRequest(null, Object(Config\Cache), false)
 4 FCPATH\index.php(79): CodeIgniter\CodeIgniter->run()
 5 SYSTEMPATH\Commands\Server\rewrite.php(47): require_once('C:\\laragon\\www\\myplaylist\\public\\index.php')
CRITICAL - 2023-09-28 04:20:22 --> Class "App\Models\PlayListMusicModel" not found
in APPPATH\Controllers\MusicController.php on line 70.
 1 SYSTEMPATH\CodeIgniter.php(919): App\Controllers\MusicController->addToPlaylist()
 2 SYSTEMPATH\CodeIgniter.php(494): CodeIgniter\CodeIgniter->runController(Object(App\Controllers\MusicController))
 3 SYSTEMPATH\CodeIgniter.php(353): CodeIgniter\CodeIgniter->handleRequest(null, Object(Config\Cache), false)
 4 FCPATH\index.php(79): CodeIgniter\CodeIgniter->run()
 5 SYSTEMPATH\Commands\Server\rewrite.php(47): require_once('C:\\laragon\\www\\myplaylist\\public\\index.php')
CRITICAL - 2023-09-28 04:20:22 --> Class "App\Models\PlayListMusicModel" not found
in APPPATH\Controllers\MusicController.php on line 70.
 1 SYSTEMPATH\CodeIgniter.php(919): App\Controllers\MusicController->addToPlaylist()
 2 SYSTEMPATH\CodeIgniter.php(494): CodeIgniter\CodeIgniter->runController(Object(App\Controllers\MusicController))
 3 SYSTEMPATH\CodeIgniter.php(353): CodeIgniter\CodeIgniter->handleRequest(null, Object(Config\Cache), false)
 4 FCPATH\index.php(79): CodeIgniter\CodeIgniter->run()
 5 SYSTEMPATH\Commands\Server\rewrite.php(47): require_once('C:\\laragon\\www\\myplaylist\\public\\index.php')
CRITICAL - 2023-09-28 04:20:23 --> Class "App\Models\PlayListMusicModel" not found
in APPPATH\Controllers\MusicController.php on line 70.
 1 SYSTEMPATH\CodeIgniter.php(919): App\Controllers\MusicController->addToPlaylist()
 2 SYSTEMPATH\CodeIgniter.php(494): CodeIgniter\CodeIgniter->runController(Object(App\Controllers\MusicController))
 3 SYSTEMPATH\CodeIgniter.php(353): CodeIgniter\CodeIgniter->handleRequest(null, Object(Config\Cache), false)
 4 FCPATH\index.php(79): CodeIgniter\CodeIgniter->run()
 5 SYSTEMPATH\Commands\Server\rewrite.php(47): require_once('C:\\laragon\\www\\myplaylist\\public\\index.php')
CRITICAL - 2023-09-28 04:20:23 --> Class "App\Models\PlayListMusicModel" not found
in APPPATH\Controllers\MusicController.php on line 70.
 1 SYSTEMPATH\CodeIgniter.php(919): App\Controllers\MusicController->addToPlaylist()
 2 SYSTEMPATH\CodeIgniter.php(494): CodeIgniter\CodeIgniter->runController(Object(App\Controllers\MusicController))
 3 SYSTEMPATH\CodeIgniter.php(353): CodeIgniter\CodeIgniter->handleRequest(null, Object(Config\Cache), false)
 4 FCPATH\index.php(79): CodeIgniter\CodeIgniter->run()
 5 SYSTEMPATH\Commands\Server\rewrite.php(47): require_once('C:\\laragon\\www\\myplaylist\\public\\index.php')
CRITICAL - 2023-09-28 04:20:24 --> Class "App\Models\PlayListMusicModel" not found
in APPPATH\Controllers\MusicController.php on line 70.
 1 SYSTEMPATH\CodeIgniter.php(919): App\Controllers\MusicController->addToPlaylist()
 2 SYSTEMPATH\CodeIgniter.php(494): CodeIgniter\CodeIgniter->runController(Object(App\Controllers\MusicController))
 3 SYSTEMPATH\CodeIgniter.php(353): CodeIgniter\CodeIgniter->handleRequest(null, Object(Config\Cache), false)
 4 FCPATH\index.php(79): CodeIgniter\CodeIgniter->run()
 5 SYSTEMPATH\Commands\Server\rewrite.php(47): require_once('C:\\laragon\\www\\myplaylist\\public\\index.php')
ERROR - 2023-09-28 04:20:30 --> mysqli_sql_exception: Unknown column 'file_name' in 'field list' in C:\laragon\www\myplaylist\system\Database\MySQLi\Connection.php:306
Stack trace:
#0 C:\laragon\www\myplaylist\system\Database\MySQLi\Connection.php(306): mysqli->query('INSERT INTO `mu...', 0)
#1 C:\laragon\www\myplaylist\system\Database\BaseConnection.php(692): CodeIgniter\Database\MySQLi\Connection->execute('INSERT INTO `mu...')
#2 C:\laragon\www\myplaylist\system\Database\BaseConnection.php(606): CodeIgniter\Database\BaseConnection->simpleQuery('INSERT INTO `mu...')
#3 C:\laragon\www\myplaylist\system\Database\BaseBuilder.php(2308): CodeIgniter\Database\BaseConnection->query('INSERT INTO `mu...', Array, false)
#4 C:\laragon\www\myplaylist\system\Model.php(319): CodeIgniter\Database\BaseBuilder->insert()
#5 C:\laragon\www\myplaylist\system\BaseModel.php(788): CodeIgniter\Model->doInsert(Array)
#6 C:\laragon\www\myplaylist\system\Model.php(715): CodeIgniter\BaseModel->insert(Array, true)
#7 C:\laragon\www\myplaylist\app\Controllers\MusicController.php(55): CodeIgniter\Model->insert(Array)
#8 C:\laragon\www\myplaylist\system\CodeIgniter.php(919): App\Controllers\MusicController->uploadMusic()
#9 C:\laragon\www\myplaylist\system\CodeIgniter.php(494): CodeIgniter\CodeIgniter->runController(Object(App\Controllers\MusicController))
#10 C:\laragon\www\myplaylist\system\CodeIgniter.php(353): CodeIgniter\CodeIgniter->handleRequest(NULL, Object(Config\Cache), false)
#11 C:\laragon\www\myplaylist\public\index.php(79): CodeIgniter\CodeIgniter->run()
#12 C:\laragon\www\myplaylist\system\Commands\Server\rewrite.php(47): require_once('C:\\laragon\\www\\...')
#13 {main}
CRITICAL - 2023-09-28 04:20:30 --> Unknown column 'file_name' in 'field list'
in SYSTEMPATH\Database\BaseConnection.php on line 646.
 1 SYSTEMPATH\Database\BaseBuilder.php(2308): CodeIgniter\Database\BaseConnection->query('INSERT INTO `music_tracks` (`file_name`, `file_path`) VALUES (:file_name:, :file_path:)', [...], false)
 2 SYSTEMPATH\Model.php(319): CodeIgniter\Database\BaseBuilder->insert()
 3 SYSTEMPATH\BaseModel.php(788): CodeIgniter\Model->doInsert([...])
 4 SYSTEMPATH\Model.php(715): CodeIgniter\BaseModel->insert([...], true)
 5 APPPATH\Controllers\MusicController.php(55): CodeIgniter\Model->insert([...])
 6 SYSTEMPATH\CodeIgniter.php(919): App\Controllers\MusicController->uploadMusic()
 7 SYSTEMPATH\CodeIgniter.php(494): CodeIgniter\CodeIgniter->runController(Object(App\Controllers\MusicController))
 8 SYSTEMPATH\CodeIgniter.php(353): CodeIgniter\CodeIgniter->handleRequest(null, Object(Config\Cache), false)
 9 FCPATH\index.php(79): CodeIgniter\CodeIgniter->run()
10 SYSTEMPATH\Commands\Server\rewrite.php(47): require_once('C:\\laragon\\www\\myplaylist\\public\\index.php')
